<?xml version="1.0" encoding="UTF-8"?>
<!-- Generated by org.testng.reporters.JUnitXMLReporter -->
<testsuite ignored="0" hostname="Mohsinz" failures="2" tests="4" name="Surefire test" time="0.162" errors="0" timestamp="2025-05-06T14:10:32 IST">
  <testcase classname="day1_07042025.TestNGAnnotationsDemo" name="test1" time="0.005"/>
  <testcase classname="day1_07042025.TestNGAnnotationsDemo" name="test2" time="0.002"/>
  <testcase classname="day4_11042025.ListenersDemo" name="TestToBeSkipped" time="0.003">
    <failure type="java.lang.Exception" message="Skipping it deliberately!!!">
      <![CDATA[java.lang.Exception: Skipping it deliberately!!!
at day4_11042025.ListenersDemo.TestToBeSkipped(ListenersDemo.java:33)
at java.base/java.util.ArrayList.forEach(ArrayList.java:1597)
... Removed 30 stack frames]]>
    </failure>
  </testcase> <!-- TestToBeSkipped -->
  <testcase classname="day4_11042025.ListenersDemo" name="TestToBeSkipped" time="0.021">
    <failure type="java.lang.NullPointerException" message="Cannot invoke &amp;quot;org.openqa.selenium.TakesScreenshot.getScreenshotAs(org.openqa.selenium.OutputType)&amp;quot; because &amp;quot;ts&amp;quot; is null">
      <![CDATA[java.lang.NullPointerException: Cannot invoke "org.openqa.selenium.TakesScreenshot.getScreenshotAs(org.openqa.selenium.OutputType)" because "ts" is null
at day4_11042025.Utility.captureSS(Utility.java:15)
at day4_11042025.ListenersTest.onTestFailure(ListenersTest.java:27)
at java.base/java.util.ArrayList.forEach(ArrayList.java:1597)
... Removed 29 stack frames]]>
    </failure>
  </testcase> <!-- TestToBeSkipped -->
</testsuite> <!-- Surefire test -->
