<?xml version="1.0" encoding="UTF-8"?>
<!-- Generated by org.testng.reporters.JUnitXMLReporter -->
<testsuite ignored="7" hostname="Mohsinz" failures="0" tests="5" name="Test" time="0.178" errors="0" timestamp="2025-05-06T13:50:10 IST">
  <testcase classname="day5_14042025.GroupsDemo1" name="Test1" time="0.04"/>
  <testcase classname="day5_14042025.GroupsDemo1" name="Test10" time="0.003"/>
  <testcase classname="day5_14042025.GroupsDemo1" name="Test11" time="0.004"/>
  <testcase classname="day5_14042025.GroupsDemo1" name="Test2" time="0.004"/>
  <testcase classname="day5_14042025.GroupsDemo1" name="Test3" time="0.002"/>
  <testcase classname="day5_14042025.GroupsDemo1" name="Test5" time="0.0">
    <ignored/>
  </testcase> <!-- Test5 -->
  <testcase classname="day5_14042025.GroupsDemo1" name="Test8" time="0.0">
    <ignored/>
  </testcase> <!-- Test8 -->
  <testcase classname="day5_14042025.GroupsDemo1" name="Test12" time="0.0">
    <ignored/>
  </testcase> <!-- Test12 -->
  <testcase classname="day5_14042025.GroupsDemo1" name="Test6" time="0.0">
    <ignored/>
  </testcase> <!-- Test6 -->
  <testcase classname="day5_14042025.GroupsDemo1" name="Test9" time="0.0">
    <ignored/>
  </testcase> <!-- Test9 -->
  <testcase classname="day5_14042025.GroupsDemo1" name="Test7" time="0.0">
    <ignored/>
  </testcase> <!-- Test7 -->
  <testcase classname="day5_14042025.GroupsDemo1" name="Test4" time="0.0">
    <ignored/>
  </testcase> <!-- Test4 -->
</testsuite> <!-- Test -->
