<?xml version="1.0" encoding="UTF-8"?>
<!-- Generated by org.testng.reporters.JUnitXMLReporter -->
<testsuite ignored="0" hostname="Mohsinz" failures="2" tests="2" name="Test" time="0.185" errors="0" timestamp="2025-05-08T09:42:12 IST">
  <testcase classname="day4_11042025.ListenersDemo" name="TestToBeSkipped" time="0.015">
    <failure type="java.lang.Exception" message="Skipping it deliberately!!!">
      <![CDATA[java.lang.Exception: Skipping it deliberately!!!
at day4_11042025.ListenersDemo.TestToBeSkipped(ListenersDemo.java:33)
at java.base/java.util.ArrayList.forEach(ArrayList.java:1597)
... Removed 29 stack frames]]>
    </failure>
  </testcase> <!-- TestToBeSkipped -->
  <testcase classname="day4_11042025.ListenersDemo" name="TestToBeSkipped" time="0.078">
    <failure type="java.lang.NullPointerException" message="Cannot invoke &amp;quot;org.openqa.selenium.TakesScreenshot.getScreenshotAs(org.openqa.selenium.OutputType)&amp;quot; because &amp;quot;ts&amp;quot; is null">
      <![CDATA[java.lang.NullPointerException: Cannot invoke "org.openqa.selenium.TakesScreenshot.getScreenshotAs(org.openqa.selenium.OutputType)" because "ts" is null
at day4_11042025.Utility.captureSS(Utility.java:15)
at day4_11042025.ListenersTest.onTestFailure(ListenersTest.java:27)
at java.base/java.util.ArrayList.forEach(ArrayList.java:1597)
... Removed 28 stack frames]]>
    </failure>
  </testcase> <!-- TestToBeSkipped -->
</testsuite> <!-- Test -->
