<?xml version="1.0" encoding="UTF-8"?>
<testng-results ignored="0" total="1" passed="1" failed="0" skipped="0">
  <reporter-output>
  </reporter-output>
  <suite started-at="2025-04-23T08:25:29 IST" name="Default suite" finished-at="2025-04-23T08:26:21 IST" duration-ms="51695">
    <groups>
    </groups>
    <test started-at="2025-04-23T08:25:29 IST" name="Default test" finished-at="2025-04-23T08:26:21 IST" duration-ms="51695">
      <class name="day10_22042025.HybridFrameworkDemo">
        <test-method signature="executionMethod()[pri:0, instance:day10_22042025.HybridFrameworkDemo@1189dd52]" started-at="2025-04-23T08:25:29 IST" name="executionMethod" finished-at="2025-04-23T08:26:21 IST" duration-ms="51599" status="PASS">
          <reporter-output>
          </reporter-output>
        </test-method> <!-- executionMethod -->
      </class> <!-- day10_22042025.HybridFrameworkDemo -->
    </test> <!-- Default test -->
  </suite> <!-- Default suite -->
</testng-results>
